<?xml version="1.0" encoding="UTF-8" ?>
<testsuite errors="1" failures="0" hostname="btodorov-PC" name="nl.tudelft.rdfgears.tests.TestWorkflow" tests="2" time="3.583" timestamp="2013-04-03T10:25:44">
  <properties>
[...]
</properties>
  <testcase classname="nl.tudelft.rdfgears.tests.TestWorkflow" name="testWorkflowLoader" time="3.397">
    <error message="Error in remote query execution, QueryExceptionHTTP for query: &#xa;PREFIX  rdfs: &lt;http://www.w3.org/2000/01/rdf-schema#&gt;&#xa;PREFIX  rdf:  &lt;http://www.w3.org/1999/02/22-rdf-syntax-ns#&gt;&#xa;PREFIX  movie: &lt;http://data.linkedmdb.org/resource/movie/&gt;&#xa;&#xa;SELECT DISTINCT  ?dir ?label ?dir_name&#xa;WHERE&#xa;  { ?dir rdf:type movie:director .&#xa;    ?dir movie:director_name ?dir_name .&#xa;    ?dir rdfs:label ?label&#xa;  }&#xa;LIMIT   2&#xa;&#xa;The server responded: HttpException: 500 rethrew_javalangNullPointerException --- &lt;html&gt;&lt;head&gt;&lt;meta http-equiv=&quot;Content-Type&quot; content=&quot;text/html; charset=ISO-8859-1&quot;/&gt;&lt;title&gt;Error 500 &lt;/title&gt;&lt;/head&gt;&lt;body&gt;&lt;h2&gt;HTTP ERROR: 500&lt;/h2&gt;&lt;pre&gt;rethrew: java.lang.NullPointerException&lt;/pre&gt;&lt;p&gt;RequestURI=/sparql&lt;/p&gt;&lt;p&gt;&lt;i&gt;&lt;small&gt;&lt;a href=&quot;http://jetty.mortbay.org/&quot;&gt;Powered by Jetty://&lt;/a&gt;&lt;/small&gt;&lt;/i&gt;&lt;/p&gt;&lt;br/&gt;                                                &lt;br/&gt;                                                &lt;br/&gt;                                                &lt;br/&gt;                                                &lt;br/&gt;                                                &lt;br/&gt;                                                &lt;br/&gt;                                                &lt;br/&gt;                                                &lt;br/&gt;                                                &lt;br/&gt;                                                &lt;br/&gt;                                                &lt;br/&gt;                                                &lt;br/&gt;                                                &lt;br/&gt;                                                &lt;br/&gt;                                                &lt;br/&gt;                                                &lt;br/&gt;                                                &lt;br/&gt;                                                &lt;br/&gt;                                                &lt;br/&gt;                                                &lt;/body&gt;&lt;/html&gt;" type="java.lang.RuntimeException">java.lang.RuntimeException: Error in remote query execution, QueryExceptionHTTP for query: 
PREFIX  rdfs: &lt;http://www.w3.org/2000/01/rdf-schema#&gt;
PREFIX  rdf:  &lt;http://www.w3.org/1999/02/22-rdf-syntax-ns#&gt;
PREFIX  movie: &lt;http://data.linkedmdb.org/resource/movie/&gt;

SELECT DISTINCT  ?dir ?label ?dir_name
WHERE
  { ?dir rdf:type movie:director .
    ?dir movie:director_name ?dir_name .
    ?dir rdfs:label ?label
  }
LIMIT   2

The server responded: HttpException: 500 rethrew_javalangNullPointerException --- &lt;html&gt;&lt;head&gt;&lt;meta http-equiv=&quot;Content-Type&quot; content=&quot;text/html; charset=ISO-8859-1&quot;/&gt;&lt;title&gt;Error 500 &lt;/title&gt;&lt;/head&gt;&lt;body&gt;&lt;h2&gt;HTTP ERROR: 500&lt;/h2&gt;&lt;pre&gt;rethrew: java.lang.NullPointerException&lt;/pre&gt;&lt;p&gt;RequestURI=/sparql&lt;/p&gt;&lt;p&gt;&lt;i&gt;&lt;small&gt;&lt;a href=&quot;http://jetty.mortbay.org/&quot;&gt;Powered by Jetty://&lt;/a&gt;&lt;/small&gt;&lt;/i&gt;&lt;/p&gt;&lt;br/&gt;                                                &lt;br/&gt;                                                &lt;br/&gt;                                                &lt;br/&gt;                                                &lt;br/&gt;                                                &lt;br/&gt;                                                &lt;br/&gt;                                                &lt;br/&gt;                                                &lt;br/&gt;                                                &lt;br/&gt;                                                &lt;br/&gt;                                                &lt;br/&gt;                                                &lt;br/&gt;                                                &lt;br/&gt;                                                &lt;br/&gt;                                                &lt;br/&gt;                                                &lt;br/&gt;                                                &lt;br/&gt;                                                &lt;br/&gt;                                                &lt;br/&gt;                                                &lt;/body&gt;&lt;/html&gt;
	at nl.tudelft.rdfgears.rgl.function.sparql.RemoteSelectBehavior$BatchedRemoteQueryingBagValue$RemoteQueryIter.fillBuffer(RemoteSelectBehavior.java:364)
	at nl.tudelft.rdfgears.rgl.function.sparql.RemoteSelectBehavior$BatchedRemoteQueryingBagValue$RemoteQueryIter.&lt;init&gt;(RemoteSelectBehavior.java:186)
	at nl.tudelft.rdfgears.rgl.function.sparql.RemoteSelectBehavior$BatchedRemoteQueryingBagValue.getStreamingBagIterator(RemoteSelectBehavior.java:143)
	at nl.tudelft.rdfgears.rgl.function.sparql.RemoteSelectBehavior$BatchedRemoteQueryingBagValue.getFirstStreamingBagIterator(RemoteSelectBehavior.java:393)
	at nl.tudelft.rdfgears.rgl.datamodel.value.StreamingBagValue.iterator(StreamingBagValue.java:33)
	at nl.tudelft.rdfgears.rgl.function.sparql.RemoteSelectBehavior.simpleExecute(RemoteSelectBehavior.java:62)
	at nl.tudelft.rdfgears.rgl.function.sparql.SPARQLFunction.simpleExecute(SPARQLFunction.java:127)
	at nl.tudelft.rdfgears.rgl.function.SimplyTypedRGLFunction.executeImpl(SimplyTypedRGLFunction.java:123)
	at nl.tudelft.rdfgears.rgl.function.AtomicRGLFunction.execute(AtomicRGLFunction.java:11)
	at nl.tudelft.rdfgears.rgl.workflow.LazyRGLValue.evaluate(LazyRGLValue.java:91)
	at nl.tudelft.rdfgears.rgl.workflow.LazyRGLValue.asBag(LazyRGLValue.java:126)
	at nl.tudelft.rdfgears.rgl.workflow.DiskValueRowIterator.resetBagIterator(DiskValueRowIterator.java:31)
	at nl.tudelft.rdfgears.rgl.workflow.AbstractValueRowIterator.&lt;init&gt;(AbstractValueRowIterator.java:106)
	at nl.tudelft.rdfgears.rgl.workflow.AbstractValueRowIterator.&lt;init&gt;(AbstractValueRowIterator.java:60)
	at nl.tudelft.rdfgears.rgl.workflow.DiskValueRowIterator.&lt;init&gt;(DiskValueRowIterator.java:21)
	at nl.tudelft.rdfgears.engine.valuefactory.DiskValueFactory.createValueRowIterator(DiskValueFactory.java:91)
	at nl.tudelft.rdfgears.engine.ValueFactory.createValueRowIterator(ValueFactory.java:225)
	at nl.tudelft.rdfgears.rgl.datamodel.value.impl.MappingBagValue$MappingIterator.&lt;init&gt;(MappingBagValue.java:39)
	at nl.tudelft.rdfgears.rgl.datamodel.value.impl.MappingBagValue.getStreamingBagIterator(MappingBagValue.java:100)
	at nl.tudelft.rdfgears.rgl.datamodel.value.StreamingBagValue.iterator(StreamingBagValue.java:43)
	at nl.tudelft.rdfgears.rgl.function.standard.FilterFunction$FilteringBagValue$FilterIterator.&lt;init&gt;(FilterFunction.java:227)
	at nl.tudelft.rdfgears.rgl.function.standard.FilterFunction$FilteringBagValue.getStreamingBagIterator(FilterFunction.java:200)
	at nl.tudelft.rdfgears.rgl.datamodel.value.StreamingBagValue.iterator(StreamingBagValue.java:43)
	at nl.tudelft.rdfgears.rgl.datamodel.value.OrderedBagValue.iteratorAt(OrderedBagValue.java:43)
	at nl.tudelft.rdfgears.rgl.datamodel.value.StreamingBagValue.iteratorAt(StreamingBagValue.java:59)
	at nl.tudelft.rdfgears.rgl.datamodel.value.OrderedBagValue$OrderedBagIterator.&lt;init&gt;(OrderedBagValue.java:58)
	at nl.tudelft.rdfgears.rgl.datamodel.value.OrderedBagValue.renewableIterator(OrderedBagValue.java:38)
	at nl.tudelft.rdfgears.rgl.datamodel.value.idvalues.IdRenewableIterator.hasNext(IdRenewablyIterableBag.java:79)
	at nl.tudelft.rdfgears.rgl.workflow.AbstractValueRowIterator.&lt;init&gt;(AbstractValueRowIterator.java:107)
	at nl.tudelft.rdfgears.rgl.workflow.AbstractValueRowIterator.&lt;init&gt;(AbstractValueRowIterator.java:60)
	at nl.tudelft.rdfgears.rgl.workflow.DiskValueRowIterator.&lt;init&gt;(DiskValueRowIterator.java:21)
	at nl.tudelft.rdfgears.engine.valuefactory.DiskValueFactory.createValueRowIterator(DiskValueFactory.java:91)
	at nl.tudelft.rdfgears.engine.ValueFactory.createValueRowIterator(ValueFactory.java:225)
	at nl.tudelft.rdfgears.rgl.datamodel.value.impl.MappingBagValue$MappingIterator.&lt;init&gt;(MappingBagValue.java:39)
	at nl.tudelft.rdfgears.rgl.datamodel.value.impl.MappingBagValue.getStreamingBagIterator(MappingBagValue.java:100)
	at nl.tudelft.rdfgears.rgl.datamodel.value.StreamingBagValue.iterator(StreamingBagValue.java:43)
	at nl.tudelft.rdfgears.rgl.datamodel.value.visitors.ValueSerializerInformal.visit(ValueSerializerInformal.java:62)
	at nl.tudelft.rdfgears.rgl.datamodel.value.BagValue.accept(BagValue.java:42)
	at nl.tudelft.rdfgears.rgl.datamodel.value.visitors.ValueSerializerInformal.serialize(ValueSerializerInformal.java:49)
	at nl.tudelft.rdfgears.tests.TestWorkflow.testWorkflowLoader(TestWorkflow.java:52)
</error>
  </testcase>
  <testcase classname="nl.tudelft.rdfgears.tests.TestWorkflow" name="testMistypedIteration" time="0.044" />
  <system-out><![CDATA[
================ workflow result silkExOk/queries: 
]]></system-out>
  <system-err><![CDATA[ERROR [main] (Config.java:74) - Cannot open configuration file './rdfgears.config' for reading
 INFO [main] (Engine.java:80) - Initialized logger to level INFO
 INFO [main] (DiskValueFactory.java:48) - DiskValueFactory
 INFO [main] (FilterFunction.java:95) - RGL_VALUE_4 class nl.tudelft.rdfgears.rgl.datamodel.value.impl.MappingBagValue
 INFO [main] (OrderedBagValue.java:42) - iteratorAt(0)
PREFIX  rdfs: <http://www.w3.org/2000/01/rdf-schema#>
PREFIX  rdf:  <http://www.w3.org/1999/02/22-rdf-syntax-ns#>
PREFIX  movie: <http://data.linkedmdb.org/resource/movie/>

SELECT DISTINCT  ?dir ?label ?dir_name
WHERE {
  ?dir rdf:type movie:director .
  ?dir movie:director_name ?dir_name .
  ?dir rdfs:label ?label
  } 
LIMIT 2
 INFO [main] (RemoteSelectBehavior.java:339) - Executing remote query on http://data.linkedmdb.org/sparql
PREFIX  rdfs: <http://www.w3.org/2000/01/rdf-schema#>
PREFIX  rdf:  <http://www.w3.org/1999/02/22-rdf-syntax-ns#>
PREFIX  movie: <http://data.linkedmdb.org/resource/movie/>

SELECT DISTINCT  ?dir ?label ?dir_name
WHERE
  { ?dir rdf:type movie:director .
    ?dir movie:director_name ?dir_name .
    ?dir rdfs:label ?label
  }
LIMIT   2

 WARN [main] (RemoteSelectBehavior.java:368) - Error in remote query execution, QueryExceptionHTTP for query: 
PREFIX  rdfs: <http://www.w3.org/2000/01/rdf-schema#>
PREFIX  rdf:  <http://www.w3.org/1999/02/22-rdf-syntax-ns#>
PREFIX  movie: <http://data.linkedmdb.org/resource/movie/>

SELECT DISTINCT  ?dir ?label ?dir_name
WHERE
  { ?dir rdf:type movie:director .
    ?dir movie:director_name ?dir_name .
    ?dir rdfs:label ?label
  }
LIMIT   2

The server responded: HttpException: 500 rethrew_javalangNullPointerException --- <html><head><meta http-equiv="Content-Type" content="text/html; charset=ISO-8859-1"/><title>Error 500 </title></head><body><h2>HTTP ERROR: 500</h2><pre>rethrew: java.lang.NullPointerException</pre><p>RequestURI=/sparql</p><p><i><small><a href="http://jetty.mortbay.org/">Powered by Jetty://</a></small></i></p><br/>                                                <br/>                                                <br/>                                                <br/>                                                <br/>                                                <br/>                                                <br/>                                                <br/>                                                <br/>                                                <br/>                                                <br/>                                                <br/>                                                <br/>                                                <br/>                                                <br/>                                                <br/>                                                <br/>                                                <br/>                                                <br/>                                                <br/>                                                </body></html>
 WARN [main] (RemoteSelectBehavior.java:369) - I will attempt a retry (1/3) in 1000 ms
 INFO [main] (RemoteSelectBehavior.java:339) - Executing remote query on http://data.linkedmdb.org/sparql
PREFIX  rdfs: <http://www.w3.org/2000/01/rdf-schema#>
PREFIX  rdf:  <http://www.w3.org/1999/02/22-rdf-syntax-ns#>
PREFIX  movie: <http://data.linkedmdb.org/resource/movie/>

SELECT DISTINCT  ?dir ?label ?dir_name
WHERE
  { ?dir rdf:type movie:director .
    ?dir movie:director_name ?dir_name .
    ?dir rdfs:label ?label
  }
LIMIT   2

 WARN [main] (RemoteSelectBehavior.java:368) - Error in remote query execution, QueryExceptionHTTP for query: 
PREFIX  rdfs: <http://www.w3.org/2000/01/rdf-schema#>
PREFIX  rdf:  <http://www.w3.org/1999/02/22-rdf-syntax-ns#>
PREFIX  movie: <http://data.linkedmdb.org/resource/movie/>

SELECT DISTINCT  ?dir ?label ?dir_name
WHERE
  { ?dir rdf:type movie:director .
    ?dir movie:director_name ?dir_name .
    ?dir rdfs:label ?label
  }
LIMIT   2

The server responded: HttpException: 500 rethrew_javalangNullPointerException --- <html><head><meta http-equiv="Content-Type" content="text/html; charset=ISO-8859-1"/><title>Error 500 </title></head><body><h2>HTTP ERROR: 500</h2><pre>rethrew: java.lang.NullPointerException</pre><p>RequestURI=/sparql</p><p><i><small><a href="http://jetty.mortbay.org/">Powered by Jetty://</a></small></i></p><br/>                                                <br/>                                                <br/>                                                <br/>                                                <br/>                                                <br/>                                                <br/>                                                <br/>                                                <br/>                                                <br/>                                                <br/>                                                <br/>                                                <br/>                                                <br/>                                                <br/>                                                <br/>                                                <br/>                                                <br/>                                                <br/>                                                <br/>                                                </body></html>
 WARN [main] (RemoteSelectBehavior.java:369) - I will attempt a retry (2/3) in 1000 ms
 INFO [main] (RemoteSelectBehavior.java:339) - Executing remote query on http://data.linkedmdb.org/sparql
PREFIX  rdfs: <http://www.w3.org/2000/01/rdf-schema#>
PREFIX  rdf:  <http://www.w3.org/1999/02/22-rdf-syntax-ns#>
PREFIX  movie: <http://data.linkedmdb.org/resource/movie/>

SELECT DISTINCT  ?dir ?label ?dir_name
WHERE
  { ?dir rdf:type movie:director .
    ?dir movie:director_name ?dir_name .
    ?dir rdfs:label ?label
  }
LIMIT   2

]]></system-err>
</testsuite>
