<?xml version="1.0" encoding="UTF-8" ?>
<testsuite errors="0" failures="0" hostname="btodorov-PC" name="nl.tudelft.rdfgears.tests.core.TestCoreFunctions" tests="2" time="0.419" timestamp="2013-04-03T10:25:52">
  <properties>
[...]
</properties>
  <testcase classname="nl.tudelft.rdfgears.tests.core.TestCoreFunctions" name="testBagAll" time="0.268" />
  <testcase classname="nl.tudelft.rdfgears.tests.core.TestCoreFunctions" name="testBagCategorizer" time="0.015" />
  <system-out><![CDATA[
================ workflow result: 
[ 
  flattened:{{
    (elem:1) = "apple"
    (elem:2) = "pear"
  }}, 
  union:{{
    (elem:1) = {{
      (elem:1) = "apple"
    }}
    (elem:2) = {{
      (elem:1) = "pear"
    }}
  }}, 
]
================ proc result: 
[ 
  flattened:{{
    (elem:1) = "apple"
    (elem:2) = "pear"
  }}, 
  union:{{
    (elem:1) = {{
      (elem:1) = "apple"
    }}
    (elem:2) = {{
      (elem:1) = "pear"
    }}
  }}, 
][ 
  duplicates:{{
    (elem:1) = "duplicates"
    (elem:2) = "duplicates"
    (elem:3) = "duplicates"
  }}, 
  a:{{
    (elem:1) = "a"
  }}, 
  doesnt_occur:{{}}, 
  strings:{{
    (elem:1) = "strings"
    (elem:2) = "strings"
  }}, 
]"duplicates"
1
"duplicates"
2
"duplicates"
3
"strings"
1
"strings"
2
"a"
1
]]></system-out>
  <system-err><![CDATA[ERROR [main] (Config.java:74) - Cannot open configuration file './rdfgears.config' for reading
 INFO [main] (Engine.java:80) - Initialized logger to level INFO
 INFO [main] (DiskValueFactory.java:48) - DiskValueFactory
]]></system-err>
</testsuite>
